2026-05-20T08:24:52.679+08:00  INFO 24716 --- [sport-app-backend] [main] com.sport.SportAppApplication            : Starting SportAppApplication using Java 23.0.2 with PID 24716 (D:\Acode\backend\target\classes started by KNNIS in D:\Acode\backend)
2026-05-20T08:24:52.682+08:00 DEBUG 24716 --- [sport-app-backend] [main] com.sport.SportAppApplication            : Running with Spring Boot v3.2.0, Spring v6.1.1
2026-05-20T08:24:52.683+08:00  INFO 24716 --- [sport-app-backend] [main] com.sport.SportAppApplication            : No active profile set, falling back to 1 default profile: "default"
2026-05-20T08:24:53.527+08:00  INFO 24716 --- [sport-app-backend] [main] .s.d.r.c.RepositoryConfigurationDelegate : Multiple Spring Data modules found, entering strict repository configuration mode
2026-05-20T08:24:53.528+08:00  INFO 24716 --- [sport-app-backend] [main] .s.d.r.c.RepositoryConfigurationDelegate : Bootstrapping Spring Data JPA repositories in DEFAULT mode.
2026-05-20T08:24:53.550+08:00  INFO 24716 --- [sport-app-backend] [main] .s.d.r.c.RepositoryConfigurationDelegate : Finished Spring Data repository scanning in 16 ms. Found 0 JPA repository interfaces.
2026-05-20T08:24:53.568+08:00  INFO 24716 --- [sport-app-backend] [main] .s.d.r.c.RepositoryConfigurationDelegate : Multiple Spring Data modules found, entering strict repository configuration mode
2026-05-20T08:24:53.569+08:00  INFO 24716 --- [sport-app-backend] [main] .s.d.r.c.RepositoryConfigurationDelegate : Bootstrapping Spring Data Redis repositories in DEFAULT mode.
2026-05-20T08:24:53.584+08:00  INFO 24716 --- [sport-app-backend] [main] .s.d.r.c.RepositoryConfigurationDelegate : Finished Spring Data repository scanning in 5 ms. Found 0 Redis repository interfaces.
2026-05-20T08:24:54.222+08:00  INFO 24716 --- [sport-app-backend] [main] o.s.b.w.embedded.tomcat.TomcatWebServer  : Tomcat initialized with port 8080 (http)
2026-05-20T08:24:54.231+08:00  INFO 24716 --- [sport-app-backend] [main] o.apache.catalina.core.StandardService   : Starting service [Tomcat]
2026-05-20T08:24:54.231+08:00  INFO 24716 --- [sport-app-backend] [main] o.apache.catalina.core.StandardEngine    : Starting Servlet engine: [Apache Tomcat/10.1.16]
2026-05-20T08:24:54.294+08:00  INFO 24716 --- [sport-app-backend] [main] o.a.c.c.C.[.[localhost].[/api/v1]        : Initializing Spring embedded WebApplicationContext
2026-05-20T08:24:54.294+08:00  INFO 24716 --- [sport-app-backend] [main] w.s.c.ServletWebServerApplicationContext : Root WebApplicationContext: initialization completed in 1561 ms
2026-05-20T08:24:54.397+08:00  INFO 24716 --- [sport-app-backend] [main] com.zaxxer.hikari.HikariDataSource       : HikariPool-1 - Starting...
2026-05-20T08:24:54.619+08:00  INFO 24716 --- [sport-app-backend] [main] com.zaxxer.hikari.pool.HikariPool        : HikariPool-1 - Added connection com.mysql.cj.jdbc.ConnectionImpl@30159886
2026-05-20T08:24:54.620+08:00  INFO 24716 --- [sport-app-backend] [main] com.zaxxer.hikari.HikariDataSource       : HikariPool-1 - Start completed.
2026-05-20T08:24:54.769+08:00  INFO 24716 --- [sport-app-backend] [main] o.hibernate.jpa.internal.util.LogHelper  : HHH000204: Processing PersistenceUnitInfo [name: default]
2026-05-20T08:24:54.838+08:00  INFO 24716 --- [sport-app-backend] [main] org.hibernate.Version                    : HHH000412: Hibernate ORM core version 6.3.1.Final
2026-05-20T08:24:54.866+08:00  INFO 24716 --- [sport-app-backend] [main] o.h.c.internal.RegionFactoryInitiator    : HHH000026: Second-level cache disabled
2026-05-20T08:24:55.020+08:00  INFO 24716 --- [sport-app-backend] [main] o.s.o.j.p.SpringPersistenceUnitInfo      : No LoadTimeWeaver setup: ignoring JPA class transformer
2026-05-20T08:24:55.255+08:00  INFO 24716 --- [sport-app-backend] [main] o.h.e.t.j.p.i.JtaPlatformInitiator       : HHH000489: No JTA platform available (set 'hibernate.transaction.jta.platform' to enable JTA platform integration)
2026-05-20T08:24:55.258+08:00  INFO 24716 --- [sport-app-backend] [main] j.LocalContainerEntityManagerFactoryBean : Initialized JPA EntityManagerFactory for persistence unit 'default'
2026-05-20T08:24:55.348+08:00 DEBUG 24716 --- [sport-app-backend] [main] c.b.m.e.s.MybatisSqlSessionFactoryBean   : Registered plugin: 'com.baomidou.mybatisplus.extension.plugins.MybatisPlusInterceptor@23c00420'
2026-05-20T08:24:55.350+08:00 DEBUG 24716 --- [sport-app-backend] [main] c.b.m.e.s.MybatisSqlSessionFactoryBean   : Property 'mapperLocations' was not specified.
2026-05-20T08:24:55.357+08:00 DEBUG 24716 --- [sport-app-backend] [main] c.b.mybatisplus.core.toolkit.Sequence    : Initialization Sequence datacenterId:13 workerId:24
2026-05-20T08:24:56.182+08:00  WARN 24716 --- [sport-app-backend] [main] JpaBaseConfiguration$JpaWebConfiguration : spring.jpa.open-in-view is enabled by default. Therefore, database queries may be performed during view rendering. Explicitly configure spring.jpa.open-in-view to disable this warning
2026-05-20T08:24:56.634+08:00  INFO 24716 --- [sport-app-backend] [main] o.s.b.w.embedded.tomcat.TomcatWebServer  : Tomcat started on port 8080 (http) with context path '/api/v1'
2026-05-20T08:24:56.640+08:00  INFO 24716 --- [sport-app-backend] [main] com.sport.SportAppApplication            : Started SportAppApplication in 4.361 seconds (process running for 12.364)
2026-05-20T08:24:56.642+08:00 DEBUG 24716 --- [sport-app-backend] [main] c.b.m.a.DdlApplicationRunner             :   ...  DDL start create  ...  
2026-05-20T08:24:56.643+08:00 DEBUG 24716 --- [sport-app-backend] [main] c.b.m.a.DdlApplicationRunner             :   ...  DDL end create  ...  
